This file contains any messages produced by compilers while
running configure, to aid debugging if configure makes a mistake.

It was created by HTSlib configure 1.11-34-gcecf738a4, which was
generated by GNU Autoconf 2.71.  Invocation command line was

  $ ./configure

## --------- ##
## Platform. ##
## --------- ##

hostname = d263d88d97a8
uname -m = x86_64
uname -r = 5.10.25-linuxkit
uname -s = Linux
uname -v = #1 SMP Tue Mar 23 09:27:39 UTC 2021

/usr/bin/uname -p = unknown
/bin/uname -X     = unknown

/bin/arch              = x86_64
/usr/bin/arch -k       = unknown
/usr/convex/getsysinfo = unknown
/usr/bin/hostinfo      = unknown
/bin/machine           = unknown
/usr/bin/oslevel       = unknown
/bin/universe          = unknown

PATH: /opt/rh/devtoolset-8/root/usr/bin/
PATH: /usr/local/sbin/
PATH: /usr/local/bin/
PATH: /usr/sbin/
PATH: /usr/bin/
PATH: /sbin/
PATH: /bin/


## ----------- ##
## Core tests. ##
## ----------- ##

configure:2402: looking for aux files: config.guess config.sub
configure:2415:  trying ./
configure:2444:   ./config.guess found
configure:2444:   ./config.sub found
configure:2670: checking for gcc
configure:2691: found /opt/rh/devtoolset-8/root/usr/bin/gcc
configure:2702: result: gcc
configure:3055: checking for C compiler version
configure:3064: gcc --version >&5
gcc (GCC) 8.3.1 20190311 (Red Hat 8.3.1-3)
Copyright (C) 2018 Free Software Foundation, Inc.
This is free software; see the source for copying conditions.  There is NO
warranty; not even for MERCHANTABILITY or FITNESS FOR A PARTICULAR PURPOSE.

configure:3075: $? = 0
configure:3064: gcc -v >&5
Using built-in specs.
COLLECT_GCC=gcc
COLLECT_LTO_WRAPPER=/opt/rh/devtoolset-8/root/usr/libexec/gcc/x86_64-redhat-linux/8/lto-wrapper
Target: x86_64-redhat-linux
Configured with: ../configure --enable-bootstrap --enable-languages=c,c++,fortran,lto --prefix=/opt/rh/devtoolset-8/root/usr --mandir=/opt/rh/devtoolset-8/root/usr/share/man --infodir=/opt/rh/devtoolset-8/root/usr/share/info --with-bugurl=http://bugzilla.redhat.com/bugzilla --enable-shared --enable-threads=posix --enable-checking=release --enable-multilib --with-system-zlib --enable-__cxa_atexit --disable-libunwind-exceptions --enable-gnu-unique-object --enable-linker-build-id --with-gcc-major-version-only --with-linker-hash-style=gnu --with-default-libstdcxx-abi=gcc4-compatible --enable-plugin --enable-initfini-array --with-isl=/builddir/build/BUILD/gcc-8.3.1-20190311/obj-x86_64-redhat-linux/isl-install --disable-libmpx --with-mpc=/builddir/build/BUILD/gcc-8.3.1-20190311/obj-x86_64-redhat-linux/mpc-install --with-tune=generic --with-arch_32=i686 --build=x86_64-redhat-linux
Thread model: posix
gcc version 8.3.1 20190311 (Red Hat 8.3.1-3) (GCC) 
configure:3075: $? = 0
configure:3064: gcc -V >&5
gcc: error: unrecognized command line option '-V'
gcc: fatal error: no input files
compilation terminated.
configure:3075: $? = 1
configure:3064: gcc -qversion >&5
gcc: error: unrecognized command line option '-qversion'; did you mean '--version'?
gcc: fatal error: no input files
compilation terminated.
configure:3075: $? = 1
configure:3064: gcc -version >&5
gcc: error: unrecognized command line option '-version'
gcc: fatal error: no input files
compilation terminated.
configure:3075: $? = 1
configure:3095: checking whether the C compiler works
configure:3117: gcc    conftest.c  >&5
configure:3121: $? = 0
configure:3171: result: yes
configure:3174: checking for C compiler default output file name
configure:3176: result: a.out
configure:3182: checking for suffix of executables
configure:3189: gcc -o conftest    conftest.c  >&5
configure:3193: $? = 0
configure:3216: result: 
configure:3238: checking whether we are cross compiling
configure:3246: gcc -o conftest    conftest.c  >&5
configure:3250: $? = 0
configure:3257: ./conftest
configure:3261: $? = 0
configure:3276: result: no
configure:3281: checking for suffix of object files
configure:3304: gcc -c   conftest.c >&5
configure:3308: $? = 0
configure:3330: result: o
configure:3334: checking whether the compiler supports GNU C
configure:3354: gcc -c   conftest.c >&5
configure:3354: $? = 0
configure:3364: result: yes
configure:3375: checking whether gcc accepts -g
configure:3396: gcc -c -g  conftest.c >&5
configure:3396: $? = 0
configure:3440: result: yes
configure:3460: checking for gcc option to enable C11 features
configure:3475: gcc  -c -g -O2  conftest.c >&5
configure:3475: $? = 0
configure:3493: result: none needed
configure:3651: checking for ranlib
configure:3672: found /opt/rh/devtoolset-8/root/usr/bin/ranlib
configure:3683: result: ranlib
configure:3706: checking for grep that handles long lines and -e
configure:3770: result: /bin/grep
configure:3798: checking for C compiler warning flags
configure:3931: result: -Wall
configure:4086: checking for pkg-config
configure:4109: found /usr/bin/pkg-config
configure:4121: result: /usr/bin/pkg-config
configure:4146: checking pkg-config is at least version 0.9.0
configure:4149: result: yes
configure:4191: checking for special C compiler options needed for large files
configure:4239: result: no
configure:4245: checking for _FILE_OFFSET_BITS value needed for large files
configure:4271: gcc -c  -Wall -g -O2  conftest.c >&5
configure:4271: $? = 0
configure:4305: result: no
configure:4475: checking shared library type for unknown-Linux
configure:4503: result: plain .so
configure:4514: checking whether the compiler accepts -fvisibility=hidden
configure:4535: gcc -o conftest  -Wall -g -O2 -fvisibility=hidden   -fvisibility=hidden conftest.c  >&5
configure:4535: $? = 0
configure:4550: result: yes
configure:4611: checking build system type
configure:4626: result: x86_64-pc-linux-gnu
configure:4646: checking host system type
configure:4660: result: x86_64-pc-linux-gnu
configure:4684: checking for stdio.h
configure:4684: gcc -c  -Wall -g -O2 -fvisibility=hidden  conftest.c >&5
configure:4684: $? = 0
configure:4684: result: yes
configure:4684: checking for stdlib.h
configure:4684: gcc -c  -Wall -g -O2 -fvisibility=hidden  conftest.c >&5
configure:4684: $? = 0
configure:4684: result: yes
configure:4684: checking for string.h
configure:4684: gcc -c  -Wall -g -O2 -fvisibility=hidden  conftest.c >&5
configure:4684: $? = 0
configure:4684: result: yes
configure:4684: checking for inttypes.h
configure:4684: gcc -c  -Wall -g -O2 -fvisibility=hidden  conftest.c >&5
configure:4684: $? = 0
configure:4684: result: yes
configure:4684: checking for stdint.h
configure:4684: gcc -c  -Wall -g -O2 -fvisibility=hidden  conftest.c >&5
configure:4684: $? = 0
configure:4684: result: yes
configure:4684: checking for strings.h
configure:4684: gcc -c  -Wall -g -O2 -fvisibility=hidden  conftest.c >&5
configure:4684: $? = 0
configure:4684: result: yes
configure:4684: checking for sys/stat.h
configure:4684: gcc -c  -Wall -g -O2 -fvisibility=hidden  conftest.c >&5
configure:4684: $? = 0
configure:4684: result: yes
configure:4684: checking for sys/types.h
configure:4684: gcc -c  -Wall -g -O2 -fvisibility=hidden  conftest.c >&5
configure:4684: $? = 0
configure:4684: result: yes
configure:4684: checking for unistd.h
configure:4684: gcc -c  -Wall -g -O2 -fvisibility=hidden  conftest.c >&5
configure:4684: $? = 0
configure:4684: result: yes
configure:4684: checking for sys/param.h
configure:4684: gcc -c  -Wall -g -O2 -fvisibility=hidden  conftest.c >&5
configure:4684: $? = 0
configure:4684: result: yes
configure:4714: checking for getpagesize
configure:4714: gcc -o conftest  -Wall -g -O2 -fvisibility=hidden   -fvisibility=hidden conftest.c  >&5
configure:4714: $? = 0
configure:4714: result: yes
configure:4725: checking for working mmap
configure:4877: gcc -o conftest  -Wall -g -O2 -fvisibility=hidden   -fvisibility=hidden conftest.c  >&5
configure:4877: $? = 0
configure:4877: ./conftest
configure:4877: $? = 0
configure:4888: result: yes
configure:4897: checking for gmtime_r
configure:4897: gcc -o conftest  -Wall -g -O2 -fvisibility=hidden   -fvisibility=hidden conftest.c  >&5
configure:4897: $? = 0
configure:4897: result: yes
configure:4903: checking for fsync
configure:4903: gcc -o conftest  -Wall -g -O2 -fvisibility=hidden   -fvisibility=hidden conftest.c  >&5
configure:4903: $? = 0
configure:4903: result: yes
configure:4909: checking for drand48
configure:4909: gcc -o conftest  -Wall -g -O2 -fvisibility=hidden   -fvisibility=hidden conftest.c  >&5
configure:4909: $? = 0
configure:4909: result: yes
configure:4915: checking for srand48_deterministic
configure:4915: gcc -o conftest  -Wall -g -O2 -fvisibility=hidden   -fvisibility=hidden conftest.c  >&5
/tmp/ccaIeGC2.o: In function `main':
/dysgu/dysgu/htslib/conftest.c:52: undefined reference to `srand48_deterministic'
collect2: error: ld returned 1 exit status
configure:4915: $? = 1
configure: failed program was:
| /* confdefs.h */
| #define PACKAGE_NAME "HTSlib"
| #define PACKAGE_TARNAME "htslib"
| #define PACKAGE_VERSION "1.11-34-gcecf738a4"
| #define PACKAGE_STRING "HTSlib 1.11-34-gcecf738a4"
| #define PACKAGE_BUGREPORT "samtools-help@lists.sourceforge.net"
| #define PACKAGE_URL "http://www.htslib.org/"
| #define HAVE_STDIO_H 1
| #define HAVE_STDLIB_H 1
| #define HAVE_STRING_H 1
| #define HAVE_INTTYPES_H 1
| #define HAVE_STDINT_H 1
| #define HAVE_STRINGS_H 1
| #define HAVE_SYS_STAT_H 1
| #define HAVE_SYS_TYPES_H 1
| #define HAVE_UNISTD_H 1
| #define HAVE_SYS_PARAM_H 1
| #define STDC_HEADERS 1
| #define HAVE_GETPAGESIZE 1
| #define HAVE_MMAP 1
| #define HAVE_GMTIME_R 1
| #define HAVE_FSYNC 1
| #define HAVE_DRAND48 1
| /* end confdefs.h.  */
| /* Define srand48_deterministic to an innocuous variant, in case <limits.h> declares srand48_deterministic.
|    For example, HP-UX 11i <limits.h> declares gettimeofday.  */
| #define srand48_deterministic innocuous_srand48_deterministic
| 
| /* System header to define __stub macros and hopefully few prototypes,
|    which can conflict with char srand48_deterministic (); below.  */
| 
| #include <limits.h>
| #undef srand48_deterministic
| 
| /* Override any GCC internal prototype to avoid an error.
|    Use char because int might match the return type of a GCC
|    builtin and then its argument prototype would still apply.  */
| #ifdef __cplusplus
| extern "C"
| #endif
| char srand48_deterministic ();
| /* The GNU C library defines this for functions which it implements
|     to always fail with ENOSYS.  Some functions are actually named
|     something starting with __ and the normal name is an alias.  */
| #if defined __stub_srand48_deterministic || defined __stub___srand48_deterministic
| choke me
| #endif
| 
| int
| main (void)
| {
| return srand48_deterministic ();
|   ;
|   return 0;
| }
configure:4915: result: no
configure:4924: checking for gcc options needed to detect all undeclared functions
configure:4946: gcc -c  -Wall -g -O2 -fvisibility=hidden   conftest.c >&5
conftest.c: In function 'main':
conftest.c:29:8: error: 'strchr' undeclared (first use in this function)
 (void) strchr;
        ^~~~~~
conftest.c:29:8: note: 'strchr' is defined in header '<string.h>'; did you forget to '#include <string.h>'?
conftest.c:1:1:
 /* confdefs.h */
conftest.c:29:8:
 (void) strchr;
        ^~~~~~
conftest.c:29:8: note: each undeclared identifier is reported only once for each function it appears in
configure:4946: $? = 1
configure: failed program was:
| /* confdefs.h */
| #define PACKAGE_NAME "HTSlib"
| #define PACKAGE_TARNAME "htslib"
| #define PACKAGE_VERSION "1.11-34-gcecf738a4"
| #define PACKAGE_STRING "HTSlib 1.11-34-gcecf738a4"
| #define PACKAGE_BUGREPORT "samtools-help@lists.sourceforge.net"
| #define PACKAGE_URL "http://www.htslib.org/"
| #define HAVE_STDIO_H 1
| #define HAVE_STDLIB_H 1
| #define HAVE_STRING_H 1
| #define HAVE_INTTYPES_H 1
| #define HAVE_STDINT_H 1
| #define HAVE_STRINGS_H 1
| #define HAVE_SYS_STAT_H 1
| #define HAVE_SYS_TYPES_H 1
| #define HAVE_UNISTD_H 1
| #define HAVE_SYS_PARAM_H 1
| #define STDC_HEADERS 1
| #define HAVE_GETPAGESIZE 1
| #define HAVE_MMAP 1
| #define HAVE_GMTIME_R 1
| #define HAVE_FSYNC 1
| #define HAVE_DRAND48 1
| /* end confdefs.h.  */
| 
| int
| main (void)
| {
| (void) strchr;
|   ;
|   return 0;
| }
configure:4973: gcc -c  -Wall -g -O2 -fvisibility=hidden   conftest.c >&5
configure:4973: $? = 0
configure:4990: result: none needed
configure:5005: checking whether fdatasync is declared
configure:5005: gcc -c  -Wall -g -O2 -fvisibility=hidden   conftest.c >&5
configure:5005: $? = 0
configure:5005: result: yes
configure:5008: checking for fdatasync
configure:5008: gcc -o conftest  -Wall -g -O2 -fvisibility=hidden   -fvisibility=hidden conftest.c  >&5
configure:5008: $? = 0
configure:5008: result: yes
configure:5145: checking for library containing log
configure:5175: gcc -o conftest  -Wall -g -O2 -fvisibility=hidden   -fvisibility=hidden conftest.c  >&5
conftest.c:30:6: warning: conflicting types for built-in function 'log' [-Wbuiltin-declaration-mismatch]
 char log ();
      ^~~
/tmp/ccgWvHdf.o: In function `main':
/dysgu/dysgu/htslib/conftest.c:34: undefined reference to `log'
collect2: error: ld returned 1 exit status
configure:5175: $? = 1
configure: failed program was:
| /* confdefs.h */
| #define PACKAGE_NAME "HTSlib"
| #define PACKAGE_TARNAME "htslib"
| #define PACKAGE_VERSION "1.11-34-gcecf738a4"
| #define PACKAGE_STRING "HTSlib 1.11-34-gcecf738a4"
| #define PACKAGE_BUGREPORT "samtools-help@lists.sourceforge.net"
| #define PACKAGE_URL "http://www.htslib.org/"
| #define HAVE_STDIO_H 1
| #define HAVE_STDLIB_H 1
| #define HAVE_STRING_H 1
| #define HAVE_INTTYPES_H 1
| #define HAVE_STDINT_H 1
| #define HAVE_STRINGS_H 1
| #define HAVE_SYS_STAT_H 1
| #define HAVE_SYS_TYPES_H 1
| #define HAVE_UNISTD_H 1
| #define HAVE_SYS_PARAM_H 1
| #define STDC_HEADERS 1
| #define HAVE_GETPAGESIZE 1
| #define HAVE_MMAP 1
| #define HAVE_GMTIME_R 1
| #define HAVE_FSYNC 1
| #define HAVE_DRAND48 1
| #define HAVE_FDATASYNC 1
| /* end confdefs.h.  */
| 
| /* Override any GCC internal prototype to avoid an error.
|    Use char because int might match the return type of a GCC
|    builtin and then its argument prototype would still apply.  */
| char log ();
| int
| main (void)
| {
| return log ();
|   ;
|   return 0;
| }
configure:5175: gcc -o conftest  -Wall -g -O2 -fvisibility=hidden   -fvisibility=hidden conftest.c -lm   >&5
conftest.c:30:6: warning: conflicting types for built-in function 'log' [-Wbuiltin-declaration-mismatch]
 char log ();
      ^~~
configure:5175: $? = 0
configure:5195: result: -lm
configure:5216: checking for zlib.h
configure:5216: gcc -c  -Wall -g -O2 -fvisibility=hidden  conftest.c >&5
configure:5216: $? = 0
configure:5216: result: yes
configure:5225: checking for inflate in -lz
configure:5248: gcc -o conftest  -Wall -g -O2 -fvisibility=hidden   -fvisibility=hidden conftest.c -lz  -lm  >&5
configure:5248: $? = 0
configure:5258: result: yes
configure:5288: checking for library containing recv
configure:5318: gcc -o conftest  -Wall -g -O2 -fvisibility=hidden   -fvisibility=hidden conftest.c -lz -lm  >&5
configure:5318: $? = 0
configure:5338: result: none required
configure:5361: checking for bzlib.h
configure:5361: gcc -c  -Wall -g -O2 -fvisibility=hidden  conftest.c >&5
configure:5361: $? = 0
configure:5361: result: yes
configure:5370: checking for BZ2_bzBuffToBuffCompress in -lbz2
configure:5393: gcc -o conftest  -Wall -g -O2 -fvisibility=hidden   -fvisibility=hidden conftest.c -lbz2  -lz -lm  >&5
configure:5393: $? = 0
configure:5403: result: yes
configure:5446: checking for lzma.h
configure:5446: gcc -c  -Wall -g -O2 -fvisibility=hidden  conftest.c >&5
configure:5446: $? = 0
configure:5446: result: yes
configure:5457: checking for lzma_easy_buffer_encode in -llzma
configure:5480: gcc -o conftest  -Wall -g -O2 -fvisibility=hidden   -fvisibility=hidden conftest.c -llzma  -lbz2 -lz -lm  >&5
configure:5480: $? = 0
configure:5490: result: yes
configure:5528: checking for libdeflate.h
configure:5528: gcc -c  -Wall -g -O2 -fvisibility=hidden  conftest.c >&5
conftest.c:32:10: fatal error: libdeflate.h: No such file or directory
 #include <libdeflate.h>
          ^~~~~~~~~~~~~~
compilation terminated.
configure:5528: $? = 1
configure: failed program was:
| /* confdefs.h */
| #define PACKAGE_NAME "HTSlib"
| #define PACKAGE_TARNAME "htslib"
| #define PACKAGE_VERSION "1.11-34-gcecf738a4"
| #define PACKAGE_STRING "HTSlib 1.11-34-gcecf738a4"
| #define PACKAGE_BUGREPORT "samtools-help@lists.sourceforge.net"
| #define PACKAGE_URL "http://www.htslib.org/"
| #define HAVE_STDIO_H 1
| #define HAVE_STDLIB_H 1
| #define HAVE_STRING_H 1
| #define HAVE_INTTYPES_H 1
| #define HAVE_STDINT_H 1
| #define HAVE_STRINGS_H 1
| #define HAVE_SYS_STAT_H 1
| #define HAVE_SYS_TYPES_H 1
| #define HAVE_UNISTD_H 1
| #define HAVE_SYS_PARAM_H 1
| #define STDC_HEADERS 1
| #define HAVE_GETPAGESIZE 1
| #define HAVE_MMAP 1
| #define HAVE_GMTIME_R 1
| #define HAVE_FSYNC 1
| #define HAVE_DRAND48 1
| #define HAVE_FDATASYNC 1
| #define HAVE_LIBZ 1
| #define HAVE_LIBBZ2 1
| #define HAVE_LZMA_H 1
| #define HAVE_LIBLZMA 1
| /* end confdefs.h.  */
| ;
| 
| #include <libdeflate.h>
configure:5528: result: no
configure:5537: checking for libdeflate_deflate_compress in -ldeflate
configure:5560: gcc -o conftest  -Wall -g -O2 -fvisibility=hidden   -fvisibility=hidden conftest.c -ldeflate  -llzma -lbz2 -lz -lm  >&5
/opt/rh/devtoolset-8/root/usr/libexec/gcc/x86_64-redhat-linux/8/ld: cannot find -ldeflate
collect2: error: ld returned 1 exit status
configure:5560: $? = 1
configure: failed program was:
| /* confdefs.h */
| #define PACKAGE_NAME "HTSlib"
| #define PACKAGE_TARNAME "htslib"
| #define PACKAGE_VERSION "1.11-34-gcecf738a4"
| #define PACKAGE_STRING "HTSlib 1.11-34-gcecf738a4"
| #define PACKAGE_BUGREPORT "samtools-help@lists.sourceforge.net"
| #define PACKAGE_URL "http://www.htslib.org/"
| #define HAVE_STDIO_H 1
| #define HAVE_STDLIB_H 1
| #define HAVE_STRING_H 1
| #define HAVE_INTTYPES_H 1
| #define HAVE_STDINT_H 1
| #define HAVE_STRINGS_H 1
| #define HAVE_SYS_STAT_H 1
| #define HAVE_SYS_TYPES_H 1
| #define HAVE_UNISTD_H 1
| #define HAVE_SYS_PARAM_H 1
| #define STDC_HEADERS 1
| #define HAVE_GETPAGESIZE 1
| #define HAVE_MMAP 1
| #define HAVE_GMTIME_R 1
| #define HAVE_FSYNC 1
| #define HAVE_DRAND48 1
| #define HAVE_FDATASYNC 1
| #define HAVE_LIBZ 1
| #define HAVE_LIBBZ2 1
| #define HAVE_LZMA_H 1
| #define HAVE_LIBLZMA 1
| /* end confdefs.h.  */
| 
| /* Override any GCC internal prototype to avoid an error.
|    Use char because int might match the return type of a GCC
|    builtin and then its argument prototype would still apply.  */
| char libdeflate_deflate_compress ();
| int
| main (void)
| {
| return libdeflate_deflate_compress ();
|   ;
|   return 0;
| }
configure:5570: result: no
configure:5611: checking for curl_easy_pause in -lcurl
configure:5634: gcc -o conftest  -Wall -g -O2 -fvisibility=hidden   -fvisibility=hidden conftest.c -lcurl  -llzma -lbz2 -lz -lm  >&5
configure:5634: $? = 0
configure:5644: result: yes
configure:5776: checking for CCHmac
configure:5776: gcc -o conftest  -Wall -g -O2 -fvisibility=hidden   -fvisibility=hidden conftest.c -llzma -lbz2 -lz -lm  >&5
/tmp/ccw8zwTW.o: In function `main':
/dysgu/dysgu/htslib/conftest.c:59: undefined reference to `CCHmac'
collect2: error: ld returned 1 exit status
configure:5776: $? = 1
configure: failed program was:
| /* confdefs.h */
| #define PACKAGE_NAME "HTSlib"
| #define PACKAGE_TARNAME "htslib"
| #define PACKAGE_VERSION "1.11-34-gcecf738a4"
| #define PACKAGE_STRING "HTSlib 1.11-34-gcecf738a4"
| #define PACKAGE_BUGREPORT "samtools-help@lists.sourceforge.net"
| #define PACKAGE_URL "http://www.htslib.org/"
| #define HAVE_STDIO_H 1
| #define HAVE_STDLIB_H 1
| #define HAVE_STRING_H 1
| #define HAVE_INTTYPES_H 1
| #define HAVE_STDINT_H 1
| #define HAVE_STRINGS_H 1
| #define HAVE_SYS_STAT_H 1
| #define HAVE_SYS_TYPES_H 1
| #define HAVE_UNISTD_H 1
| #define HAVE_SYS_PARAM_H 1
| #define STDC_HEADERS 1
| #define HAVE_GETPAGESIZE 1
| #define HAVE_MMAP 1
| #define HAVE_GMTIME_R 1
| #define HAVE_FSYNC 1
| #define HAVE_DRAND48 1
| #define HAVE_FDATASYNC 1
| #define HAVE_LIBZ 1
| #define HAVE_LIBBZ2 1
| #define HAVE_LZMA_H 1
| #define HAVE_LIBLZMA 1
| #define HAVE_LIBCURL 1
| #define ENABLE_GCS 1
| /* end confdefs.h.  */
| /* Define CCHmac to an innocuous variant, in case <limits.h> declares CCHmac.
|    For example, HP-UX 11i <limits.h> declares gettimeofday.  */
| #define CCHmac innocuous_CCHmac
| 
| /* System header to define __stub macros and hopefully few prototypes,
|    which can conflict with char CCHmac (); below.  */
| 
| #include <limits.h>
| #undef CCHmac
| 
| /* Override any GCC internal prototype to avoid an error.
|    Use char because int might match the return type of a GCC
|    builtin and then its argument prototype would still apply.  */
| #ifdef __cplusplus
| extern "C"
| #endif
| char CCHmac ();
| /* The GNU C library defines this for functions which it implements
|     to always fail with ENOSYS.  Some functions are actually named
|     something starting with __ and the normal name is an alias.  */
| #if defined __stub_CCHmac || defined __stub___CCHmac
| choke me
| #endif
| 
| int
| main (void)
| {
| return CCHmac ();
|   ;
|   return 0;
| }
configure:5776: result: no
configure:5784: checking for library containing HMAC
configure:5814: gcc -o conftest  -Wall -g -O2 -fvisibility=hidden   -fvisibility=hidden conftest.c -llzma -lbz2 -lz -lm  >&5
/tmp/cc5MwL1X.o: In function `main':
/dysgu/dysgu/htslib/conftest.c:40: undefined reference to `HMAC'
collect2: error: ld returned 1 exit status
configure:5814: $? = 1
configure: failed program was:
| /* confdefs.h */
| #define PACKAGE_NAME "HTSlib"
| #define PACKAGE_TARNAME "htslib"
| #define PACKAGE_VERSION "1.11-34-gcecf738a4"
| #define PACKAGE_STRING "HTSlib 1.11-34-gcecf738a4"
| #define PACKAGE_BUGREPORT "samtools-help@lists.sourceforge.net"
| #define PACKAGE_URL "http://www.htslib.org/"
| #define HAVE_STDIO_H 1
| #define HAVE_STDLIB_H 1
| #define HAVE_STRING_H 1
| #define HAVE_INTTYPES_H 1
| #define HAVE_STDINT_H 1
| #define HAVE_STRINGS_H 1
| #define HAVE_SYS_STAT_H 1
| #define HAVE_SYS_TYPES_H 1
| #define HAVE_UNISTD_H 1
| #define HAVE_SYS_PARAM_H 1
| #define STDC_HEADERS 1
| #define HAVE_GETPAGESIZE 1
| #define HAVE_MMAP 1
| #define HAVE_GMTIME_R 1
| #define HAVE_FSYNC 1
| #define HAVE_DRAND48 1
| #define HAVE_FDATASYNC 1
| #define HAVE_LIBZ 1
| #define HAVE_LIBBZ2 1
| #define HAVE_LZMA_H 1
| #define HAVE_LIBLZMA 1
| #define HAVE_LIBCURL 1
| #define ENABLE_GCS 1
| /* end confdefs.h.  */
| 
| /* Override any GCC internal prototype to avoid an error.
|    Use char because int might match the return type of a GCC
|    builtin and then its argument prototype would still apply.  */
| char HMAC ();
| int
| main (void)
| {
| return HMAC ();
|   ;
|   return 0;
| }
configure:5814: gcc -o conftest  -Wall -g -O2 -fvisibility=hidden   -fvisibility=hidden conftest.c -lcrypto  -llzma -lbz2 -lz -lm  >&5
configure:5814: $? = 0
configure:5834: result: -lcrypto
configure:5877: checking for library containing regcomp
configure:5907: gcc -o conftest  -Wall -g -O2 -fvisibility=hidden   -fvisibility=hidden conftest.c -llzma -lbz2 -lz -lm  >&5
configure:5907: $? = 0
configure:5927: result: none required
configure:5937: checking whether PTHREAD_MUTEX_RECURSIVE is declared
configure:5937: gcc -c  -Wall -g -O2 -fvisibility=hidden   conftest.c >&5
configure:5937: $? = 0
configure:5937: result: yes
configure:6083: creating ./config.status

## ---------------------- ##
## Running config.status. ##
## ---------------------- ##

This file was extended by HTSlib config.status 1.11-34-gcecf738a4, which was
generated by GNU Autoconf 2.71.  Invocation command line was

  CONFIG_FILES    = 
  CONFIG_HEADERS  = 
  CONFIG_LINKS    = 
  CONFIG_COMMANDS = 
  $ ./config.status 

on d263d88d97a8

config.status:831: creating config.mk
config.status:831: creating htslib.pc.tmp
config.status:831: creating config.h

## ---------------- ##
## Cache variables. ##
## ---------------- ##

ac_cv_build=x86_64-pc-linux-gnu
ac_cv_c_compiler_gnu=yes
ac_cv_c_undeclared_builtin_options='none needed'
ac_cv_env_CC_set=
ac_cv_env_CC_value=
ac_cv_env_CFLAGS_set=
ac_cv_env_CFLAGS_value=
ac_cv_env_CPPFLAGS_set=
ac_cv_env_CPPFLAGS_value=
ac_cv_env_LDFLAGS_set=
ac_cv_env_LDFLAGS_value=
ac_cv_env_LIBS_set=
ac_cv_env_LIBS_value=
ac_cv_env_PKG_CONFIG_LIBDIR_set=
ac_cv_env_PKG_CONFIG_LIBDIR_value=
ac_cv_env_PKG_CONFIG_PATH_set=set
ac_cv_env_PKG_CONFIG_PATH_value=/usr/local/lib/pkgconfig
ac_cv_env_PKG_CONFIG_set=
ac_cv_env_PKG_CONFIG_value=
ac_cv_env_build_alias_set=
ac_cv_env_build_alias_value=
ac_cv_env_host_alias_set=
ac_cv_env_host_alias_value=
ac_cv_env_target_alias_set=
ac_cv_env_target_alias_value=
ac_cv_func_CCHmac=no
ac_cv_func_drand48=yes
ac_cv_func_fdatasync=yes
ac_cv_func_fsync=yes
ac_cv_func_getpagesize=yes
ac_cv_func_gmtime_r=yes
ac_cv_func_mmap_fixed_mapped=yes
ac_cv_func_srand48_deterministic=no
ac_cv_have_decl_PTHREAD_MUTEX_RECURSIVE=yes
ac_cv_have_decl_fdatasync_int_=yes
ac_cv_header_bzlib_h=yes
ac_cv_header_inttypes_h=yes
ac_cv_header_libdeflate_h=no
ac_cv_header_lzma_h=yes
ac_cv_header_stdint_h=yes
ac_cv_header_stdio_h=yes
ac_cv_header_stdlib_h=yes
ac_cv_header_string_h=yes
ac_cv_header_strings_h=yes
ac_cv_header_sys_param_h=yes
ac_cv_header_sys_stat_h=yes
ac_cv_header_sys_types_h=yes
ac_cv_header_unistd_h=yes
ac_cv_header_zlib_h=yes
ac_cv_host=x86_64-pc-linux-gnu
ac_cv_lib_bz2_BZ2_bzBuffToBuffCompress=yes
ac_cv_lib_curl_curl_easy_pause=yes
ac_cv_lib_deflate_libdeflate_deflate_compress=no
ac_cv_lib_lzma_lzma_easy_buffer_encode=yes
ac_cv_lib_z_inflate=yes
ac_cv_objext=o
ac_cv_path_GREP=/bin/grep
ac_cv_path_ac_pt_PKG_CONFIG=/usr/bin/pkg-config
ac_cv_prog_ac_ct_CC=gcc
ac_cv_prog_ac_ct_RANLIB=ranlib
ac_cv_prog_cc_c11=
ac_cv_prog_cc_g=yes
ac_cv_prog_cc_stdc=
ac_cv_search_HMAC=-lcrypto
ac_cv_search_log=-lm
ac_cv_search_recv='none required'
ac_cv_search_regcomp='none required'
ac_cv_sys_file_offset_bits=no
ac_cv_sys_largefile_CC=no
hts_cv_check__fvisibility_hidden=yes
hts_cv_prog_cc_warnings=-Wall

## ----------------- ##
## Output variables. ##
## ----------------- ##

CC='gcc'
CFLAGS=' -Wall -g -O2 -fvisibility=hidden'
CPPFLAGS=''
CRYPTO_LIBS='-lcrypto'
DEFS='-DHAVE_CONFIG_H'
ECHO_C=''
ECHO_N='-n'
ECHO_T=''
EXEEXT=''
GREP='/bin/grep'
LDFLAGS=' -fvisibility=hidden'
LIBOBJS=''
LIBS='-llzma -lbz2 -lz -lm '
LTLIBOBJS=''
OBJEXT='o'
PACKAGE_BUGREPORT='samtools-help@lists.sourceforge.net'
PACKAGE_NAME='HTSlib'
PACKAGE_STRING='HTSlib 1.11-34-gcecf738a4'
PACKAGE_TARNAME='htslib'
PACKAGE_URL='http://www.htslib.org/'
PACKAGE_VERSION='1.11-34-gcecf738a4'
PATH_SEPARATOR=':'
PKG_CONFIG='/usr/bin/pkg-config'
PKG_CONFIG_LIBDIR=''
PKG_CONFIG_PATH='/usr/local/lib/pkgconfig'
PLATFORM='default'
PLUGIN_EXT='.so'
RANLIB='ranlib'
SHELL='/bin/sh'
ac_ct_CC='gcc'
bindir='${exec_prefix}/bin'
build='x86_64-pc-linux-gnu'
build_alias=''
build_cpu='x86_64'
build_os='linux-gnu'
build_vendor='pc'
datadir='${datarootdir}'
datarootdir='${prefix}/share'
docdir='${datarootdir}/doc/${PACKAGE_TARNAME}'
dvidir='${docdir}'
enable_plugins='no'
exec_prefix='${prefix}'
gcs='enabled'
host='x86_64-pc-linux-gnu'
host_alias=''
host_cpu='x86_64'
host_os='linux-gnu'
host_vendor='pc'
htmldir='${docdir}'
includedir='${prefix}/include'
infodir='${datarootdir}/info'
libcurl='enabled'
libdir='${exec_prefix}/lib'
libexecdir='${exec_prefix}/libexec'
localedir='${datarootdir}/locale'
localstatedir='${prefix}/var'
mandir='${datarootdir}/man'
oldincludedir='/usr/include'
pc_requires=' liblzma'
pdfdir='${docdir}'
plugindir='$(libexecdir)/htslib'
pluginpath='$(libexecdir)/htslib'
prefix='/usr/local'
private_LIBS=' -lbz2'
program_transform_name='s,x,x,'
psdir='${docdir}'
runstatedir='${localstatedir}/run'
s3='enabled'
sbindir='${exec_prefix}/sbin'
sharedstatedir='${prefix}/com'
static_LDFLAGS=''
static_LIBS='-lpthread -lz -lm -lbz2 -llzma -lcurl -lcrypto'
sysconfdir='${prefix}/etc'
target_alias=''

## ----------- ##
## confdefs.h. ##
## ----------- ##

/* confdefs.h */
#define PACKAGE_NAME "HTSlib"
#define PACKAGE_TARNAME "htslib"
#define PACKAGE_VERSION "1.11-34-gcecf738a4"
#define PACKAGE_STRING "HTSlib 1.11-34-gcecf738a4"
#define PACKAGE_BUGREPORT "samtools-help@lists.sourceforge.net"
#define PACKAGE_URL "http://www.htslib.org/"
#define HAVE_STDIO_H 1
#define HAVE_STDLIB_H 1
#define HAVE_STRING_H 1
#define HAVE_INTTYPES_H 1
#define HAVE_STDINT_H 1
#define HAVE_STRINGS_H 1
#define HAVE_SYS_STAT_H 1
#define HAVE_SYS_TYPES_H 1
#define HAVE_UNISTD_H 1
#define HAVE_SYS_PARAM_H 1
#define STDC_HEADERS 1
#define HAVE_GETPAGESIZE 1
#define HAVE_MMAP 1
#define HAVE_GMTIME_R 1
#define HAVE_FSYNC 1
#define HAVE_DRAND48 1
#define HAVE_FDATASYNC 1
#define HAVE_LIBZ 1
#define HAVE_LIBBZ2 1
#define HAVE_LZMA_H 1
#define HAVE_LIBLZMA 1
#define HAVE_LIBCURL 1
#define ENABLE_GCS 1
#define HAVE_HMAC 1
#define ENABLE_S3 1

configure: exit 0
